<?xml version="1.0" encoding="UTF-8"?>
<!-- Generated by org.testng.reporters.JUnitXMLReporter -->
<testsuite ignored="0" hostname="DESKTOP-7NRUS5E" failures="0" tests="3" name="Test" time="71.395" errors="0" timestamp="2024-03-24T10:15:46 IST">
  <testcase classname="Basic.OraganizationsTest" name="OraganizationTest" time="9.656"/>
  <testcase classname="Basic.FipkartTest" name="Fipkart" time="19.493"/>
  <testcase classname="Basic.AmazonTest" name="Amazons" time="71.335"/>
</testsuite> <!-- Test -->
