<?xml version="1.0" encoding="UTF-8"?>
<testng-results ignored="0" total="1" passed="1" failed="0" skipped="0">
  <reporter-output>
  </reporter-output>
  <suite started-at="2024-03-25T15:09:59 IST" name="Default suite" finished-at="2024-03-25T15:10:31 IST" duration-ms="32466">
    <groups>
    </groups>
    <test started-at="2024-03-25T15:09:59 IST" name="Default test" finished-at="2024-03-25T15:10:31 IST" duration-ms="32466">
      <class name="Basic.Ajio">
        <test-method signature="Ajios()[pri:0, instance:Basic.Ajio@1e0b4072]" started-at="2024-03-25T15:09:59 IST" name="Ajios" finished-at="2024-03-25T15:10:31 IST" duration-ms="32395" status="PASS">
          <reporter-output>
          </reporter-output>
        </test-method> <!-- Ajios -->
      </class> <!-- Basic.Ajio -->
    </test> <!-- Default test -->
  </suite> <!-- Default suite -->
</testng-results>
